[ 2019-06-21T03:50:13+08:00 ] 119.96.99.66 /
INFO: [ app_init ] --START--
INFO: Run Behavior\BuildLiteBehavior [ RunTime:0.000014s ]
INFO: [ app_init ] --END-- [ RunTime:0.000067s ]
INFO: [ app_begin ] --START--
INFO: Run Behavior\ReadHtmlCacheBehavior [ RunTime:0.000414s ]
INFO: Run Behavior\CheckLangBehavior [ RunTime:0.000514s ]
INFO: [ app_begin ] --END-- [ RunTime:0.000999s ]
INFO: [ action_begin ] --START--
INFO: Run Behavior\CheckAuthBehavior [ RunTime:0.001097s ]
INFO: [ action_begin ] --END-- [ RunTime:0.001145s ]
NOTIC: [8] Undefined offset: 0 /www/wwwroot/vefutong.com/core/Library/Think/Db/Driver.class.php 第 113 行.
NOTIC: [8] Undefined offset: 0 /www/wwwroot/vefutong.com/core/Library/Think/Db/Driver.class.php 第 113 行.
NOTIC: [8] Undefined offset: 0 /www/wwwroot/vefutong.com/core/Library/Think/Db/Driver.class.php 第 113 行.
NOTIC: [8] Undefined offset: 0 /www/wwwroot/vefutong.com/core/Library/Think/Db/Driver.class.php 第 113 行.
NOTIC: [8] Undefined offset: 0 /www/wwwroot/vefutong.com/core/Library/Think/Db/Driver.class.php 第 113 行.
NOTIC: [8] Undefined offset: 0 /www/wwwroot/vefutong.com/core/Library/Think/Db/Driver.class.php 第 113 行.
INFO: [ view_parse ] --START--
INFO: [ template_filter ] --START--
INFO: Run Behavior\ContentReplaceBehavior [ RunTime:0.000061s ]
INFO: [ template_filter ] --END-- [ RunTime:0.000120s ]
INFO: Run Behavior\ParseTemplateBehavior [ RunTime:0.008346s ]
INFO: [ view_parse ] --END-- [ RunTime:0.008400s ]
INFO: [ view_filter ] --START--
INFO: Run Behavior\WriteHtmlCacheBehavior [ RunTime:0.000195s ]
INFO: Run Behavior\TokenBuildBehavior [ RunTime:0.000379s ]
INFO: [ view_filter ] --END-- [ RunTime:0.000648s ]
INFO: [ app_end ] --START--
INFO: Run Behavior\ShowPageTraceBehavior [ RunTime:0.000850s ]
INFO: [ app_end ] --END-- [ RunTime:0.000927s ]

[ 2019-06-21T03:50:14+08:00 ] 162.247.98.252 /
INFO: [ app_init ] --START--
INFO: Run Behavior\BuildLiteBehavior [ RunTime:0.000014s ]
INFO: [ app_init ] --END-- [ RunTime:0.000065s ]
INFO: [ app_begin ] --START--
INFO: Run Behavior\ReadHtmlCacheBehavior [ RunTime:0.000609s ]
INFO: Run Behavior\CheckLangBehavior [ RunTime:0.000563s ]
INFO: [ app_begin ] --END-- [ RunTime:0.001270s ]
INFO: [ action_begin ] --START--
INFO: Run Behavior\CheckAuthBehavior [ RunTime:0.001117s ]
INFO: [ action_begin ] --END-- [ RunTime:0.001167s ]
NOTIC: [8] Undefined offset: 0 /www/wwwroot/vefutong.com/core/Library/Think/Db/Driver.class.php 第 113 行.
NOTIC: [8] Undefined offset: 0 /www/wwwroot/vefutong.com/core/Library/Think/Db/Driver.class.php 第 113 行.
NOTIC: [8] Undefined offset: 0 /www/wwwroot/vefutong.com/core/Library/Think/Db/Driver.class.php 第 113 行.
NOTIC: [8] Undefined offset: 0 /www/wwwroot/vefutong.com/core/Library/Think/Db/Driver.class.php 第 113 行.
NOTIC: [8] Undefined offset: 0 /www/wwwroot/vefutong.com/core/Library/Think/Db/Driver.class.php 第 113 行.
NOTIC: [8] Undefined offset: 0 /www/wwwroot/vefutong.com/core/Library/Think/Db/Driver.class.php 第 113 行.
INFO: [ view_parse ] --START--
INFO: [ template_filter ] --START--
INFO: Run Behavior\ContentReplaceBehavior [ RunTime:0.000064s ]
INFO: [ template_filter ] --END-- [ RunTime:0.000131s ]
INFO: Run Behavior\ParseTemplateBehavior [ RunTime:0.008896s ]
INFO: [ view_parse ] --END-- [ RunTime:0.008971s ]
INFO: [ view_filter ] --START--
INFO: Run Behavior\WriteHtmlCacheBehavior [ RunTime:0.000205s ]
INFO: Run Behavior\TokenBuildBehavior [ RunTime:0.000489s ]
INFO: [ view_filter ] --END-- [ RunTime:0.000777s ]
INFO: [ app_end ] --START--
INFO: Run Behavior\ShowPageTraceBehavior [ RunTime:0.000661s ]
INFO: [ app_end ] --END-- [ RunTime:0.000745s ]

[ 2019-06-21T03:53:51+08:00 ] 119.96.99.66 /index.php/admin/agent/Login.html
INFO: [ app_init ] --START--
INFO: Run Behavior\BuildLiteBehavior [ RunTime:0.000014s ]
INFO: [ app_init ] --END-- [ RunTime:0.000067s ]
INFO: [ app_begin ] --START--
INFO: Run Behavior\ReadHtmlCacheBehavior [ RunTime:0.000462s ]
INFO: Run Behavior\CheckLangBehavior [ RunTime:0.000507s ]
INFO: [ app_begin ] --END-- [ RunTime:0.001056s ]
INFO: [ action_begin ] --START--
INFO: Run Behavior\CheckAuthBehavior [ RunTime:0.001129s ]
INFO: [ action_begin ] --END-- [ RunTime:0.001187s ]
NOTIC: [8] Undefined offset: 0 /www/wwwroot/vefutong.com/core/Library/Think/Db/Driver.class.php 第 113 行.
NOTIC: [8] Undefined offset: 0 /www/wwwroot/vefutong.com/core/Library/Think/Db/Driver.class.php 第 113 行.
NOTIC: [8] Undefined offset: 0 /www/wwwroot/vefutong.com/core/Library/Think/Db/Driver.class.php 第 113 行.
NOTIC: [8] Undefined offset: 0 /www/wwwroot/vefutong.com/core/Library/Think/Db/Driver.class.php 第 113 行.
NOTIC: [8] Undefined offset: 0 /www/wwwroot/vefutong.com/core/Library/Think/Db/Driver.class.php 第 113 行.
NOTIC: [8] Undefined offset: 0 /www/wwwroot/vefutong.com/core/Library/Think/Db/Driver.class.php 第 113 行.
ERR: 模板不存在:./Application/Home/View/default/Index/sls.html

[ 2019-06-21T03:55:22+08:00 ] 119.96.99.66 /index.php/home/index/agentLogin.html
INFO: [ app_init ] --START--
INFO: Run Behavior\BuildLiteBehavior [ RunTime:0.000014s ]
INFO: [ app_init ] --END-- [ RunTime:0.000067s ]
INFO: [ app_begin ] --START--
INFO: Run Behavior\ReadHtmlCacheBehavior [ RunTime:0.000494s ]
INFO: Run Behavior\CheckLangBehavior [ RunTime:0.000497s ]
INFO: [ app_begin ] --END-- [ RunTime:0.001084s ]
INFO: [ action_begin ] --START--
INFO: Run Behavior\CheckAuthBehavior [ RunTime:0.001147s ]
INFO: [ action_begin ] --END-- [ RunTime:0.001200s ]
NOTIC: [8] Undefined offset: 0 /www/wwwroot/vefutong.com/core/Library/Think/Db/Driver.class.php 第 113 行.
NOTIC: [8] Undefined offset: 0 /www/wwwroot/vefutong.com/core/Library/Think/Db/Driver.class.php 第 113 行.
NOTIC: [8] Undefined offset: 0 /www/wwwroot/vefutong.com/core/Library/Think/Db/Driver.class.php 第 113 行.
NOTIC: [8] Undefined offset: 0 /www/wwwroot/vefutong.com/core/Library/Think/Db/Driver.class.php 第 113 行.
NOTIC: [8] Undefined offset: 0 /www/wwwroot/vefutong.com/core/Library/Think/Db/Driver.class.php 第 113 行.
NOTIC: [8] Undefined offset: 0 /www/wwwroot/vefutong.com/core/Library/Think/Db/Driver.class.php 第 113 行.
ERR: 模板不存在:./Application/Home/View/default/Index/sls.html

[ 2019-06-21T03:55:28+08:00 ] 119.96.99.66 /index.php/home/index/agentLogin.html
INFO: [ app_init ] --START--
INFO: Run Behavior\BuildLiteBehavior [ RunTime:0.000018s ]
INFO: [ app_init ] --END-- [ RunTime:0.000093s ]
INFO: [ app_begin ] --START--
INFO: Run Behavior\ReadHtmlCacheBehavior [ RunTime:0.000731s ]
INFO: Run Behavior\CheckLangBehavior [ RunTime:0.000624s ]
INFO: [ app_begin ] --END-- [ RunTime:0.001496s ]
INFO: [ action_begin ] --START--
INFO: Run Behavior\CheckAuthBehavior [ RunTime:0.001414s ]
INFO: [ action_begin ] --END-- [ RunTime:0.001474s ]
NOTIC: [8] Undefined offset: 0 /www/wwwroot/vefutong.com/core/Library/Think/Db/Driver.class.php 第 113 行.
NOTIC: [8] Undefined offset: 0 /www/wwwroot/vefutong.com/core/Library/Think/Db/Driver.class.php 第 113 行.
NOTIC: [8] Undefined offset: 0 /www/wwwroot/vefutong.com/core/Library/Think/Db/Driver.class.php 第 113 行.
NOTIC: [8] Undefined offset: 0 /www/wwwroot/vefutong.com/core/Library/Think/Db/Driver.class.php 第 113 行.
NOTIC: [8] Undefined offset: 0 /www/wwwroot/vefutong.com/core/Library/Think/Db/Driver.class.php 第 113 行.
NOTIC: [8] Undefined offset: 0 /www/wwwroot/vefutong.com/core/Library/Think/Db/Driver.class.php 第 113 行.
ERR: 模板不存在:./Application/Home/View/default/Index/sls.html

[ 2019-06-21T03:55:29+08:00 ] 119.96.99.66 /index.php/home/index/agentLogin.html
INFO: [ app_init ] --START--
INFO: Run Behavior\BuildLiteBehavior [ RunTime:0.000022s ]
INFO: [ app_init ] --END-- [ RunTime:0.000104s ]
INFO: [ app_begin ] --START--
INFO: Run Behavior\ReadHtmlCacheBehavior [ RunTime:0.000588s ]
INFO: Run Behavior\CheckLangBehavior [ RunTime:0.000507s ]
INFO: [ app_begin ] --END-- [ RunTime:0.001189s ]
INFO: [ action_begin ] --START--
INFO: Run Behavior\CheckAuthBehavior [ RunTime:0.002978s ]
INFO: [ action_begin ] --END-- [ RunTime:0.003207s ]
NOTIC: [8] Undefined offset: 0 /www/wwwroot/vefutong.com/core/Library/Think/Db/Driver.class.php 第 113 行.
NOTIC: [8] Undefined offset: 0 /www/wwwroot/vefutong.com/core/Library/Think/Db/Driver.class.php 第 113 行.
NOTIC: [8] Undefined offset: 0 /www/wwwroot/vefutong.com/core/Library/Think/Db/Driver.class.php 第 113 行.
NOTIC: [8] Undefined offset: 0 /www/wwwroot/vefutong.com/core/Library/Think/Db/Driver.class.php 第 113 行.
NOTIC: [8] Undefined offset: 0 /www/wwwroot/vefutong.com/core/Library/Think/Db/Driver.class.php 第 113 行.
NOTIC: [8] Undefined offset: 0 /www/wwwroot/vefutong.com/core/Library/Think/Db/Driver.class.php 第 113 行.
ERR: 模板不存在:./Application/Home/View/default/Index/sls.html

[ 2019-06-21T03:55:29+08:00 ] 119.96.99.66 /index.php/home/index/agentLogin.html
INFO: [ app_init ] --START--
INFO: Run Behavior\BuildLiteBehavior [ RunTime:0.000016s ]
INFO: [ app_init ] --END-- [ RunTime:0.000092s ]
INFO: [ app_begin ] --START--
INFO: Run Behavior\ReadHtmlCacheBehavior [ RunTime:0.000535s ]
INFO: Run Behavior\CheckLangBehavior [ RunTime:0.000538s ]
INFO: [ app_begin ] --END-- [ RunTime:0.001184s ]
INFO: [ action_begin ] --START--
INFO: Run Behavior\CheckAuthBehavior [ RunTime:0.001800s ]
INFO: [ action_begin ] --END-- [ RunTime:0.001887s ]
NOTIC: [8] Undefined offset: 0 /www/wwwroot/vefutong.com/core/Library/Think/Db/Driver.class.php 第 113 行.
NOTIC: [8] Undefined offset: 0 /www/wwwroot/vefutong.com/core/Library/Think/Db/Driver.class.php 第 113 行.
NOTIC: [8] Undefined offset: 0 /www/wwwroot/vefutong.com/core/Library/Think/Db/Driver.class.php 第 113 行.
NOTIC: [8] Undefined offset: 0 /www/wwwroot/vefutong.com/core/Library/Think/Db/Driver.class.php 第 113 行.
NOTIC: [8] Undefined offset: 0 /www/wwwroot/vefutong.com/core/Library/Think/Db/Driver.class.php 第 113 行.
NOTIC: [8] Undefined offset: 0 /www/wwwroot/vefutong.com/core/Library/Think/Db/Driver.class.php 第 113 行.
ERR: 模板不存在:./Application/Home/View/default/Index/sls.html

[ 2019-06-21T03:55:30+08:00 ] 119.96.99.66 /index.php/home/index/agentLogin.html
INFO: [ app_init ] --START--
INFO: Run Behavior\BuildLiteBehavior [ RunTime:0.000018s ]
INFO: [ app_init ] --END-- [ RunTime:0.000073s ]
INFO: [ app_begin ] --START--
INFO: Run Behavior\ReadHtmlCacheBehavior [ RunTime:0.000458s ]
INFO: Run Behavior\CheckLangBehavior [ RunTime:0.000514s ]
INFO: [ app_begin ] --END-- [ RunTime:0.001075s ]
INFO: [ action_begin ] --START--
INFO: Run Behavior\CheckAuthBehavior [ RunTime:0.001684s ]
INFO: [ action_begin ] --END-- [ RunTime:0.001750s ]
NOTIC: [8] Undefined offset: 0 /www/wwwroot/vefutong.com/core/Library/Think/Db/Driver.class.php 第 113 行.
NOTIC: [8] Undefined offset: 0 /www/wwwroot/vefutong.com/core/Library/Think/Db/Driver.class.php 第 113 行.
NOTIC: [8] Undefined offset: 0 /www/wwwroot/vefutong.com/core/Library/Think/Db/Driver.class.php 第 113 行.
NOTIC: [8] Undefined offset: 0 /www/wwwroot/vefutong.com/core/Library/Think/Db/Driver.class.php 第 113 行.
NOTIC: [8] Undefined offset: 0 /www/wwwroot/vefutong.com/core/Library/Think/Db/Driver.class.php 第 113 行.
NOTIC: [8] Undefined offset: 0 /www/wwwroot/vefutong.com/core/Library/Think/Db/Driver.class.php 第 113 行.
ERR: 模板不存在:./Application/Home/View/default/Index/sls.html

[ 2019-06-21T03:55:30+08:00 ] 119.96.99.66 /index.php/home/index/agentLogin.html
INFO: [ app_init ] --START--
INFO: Run Behavior\BuildLiteBehavior [ RunTime:0.000018s ]
INFO: [ app_init ] --END-- [ RunTime:0.000082s ]
INFO: [ app_begin ] --START--
INFO: Run Behavior\ReadHtmlCacheBehavior [ RunTime:0.000696s ]
INFO: Run Behavior\CheckLangBehavior [ RunTime:0.000547s ]
INFO: [ app_begin ] --END-- [ RunTime:0.001359s ]
INFO: [ action_begin ] --START--
INFO: Run Behavior\CheckAuthBehavior [ RunTime:0.001710s ]
INFO: [ action_begin ] --END-- [ RunTime:0.001768s ]
NOTIC: [8] Undefined offset: 0 /www/wwwroot/vefutong.com/core/Library/Think/Db/Driver.class.php 第 113 行.
NOTIC: [8] Undefined offset: 0 /www/wwwroot/vefutong.com/core/Library/Think/Db/Driver.class.php 第 113 行.
NOTIC: [8] Undefined offset: 0 /www/wwwroot/vefutong.com/core/Library/Think/Db/Driver.class.php 第 113 行.
NOTIC: [8] Undefined offset: 0 /www/wwwroot/vefutong.com/core/Library/Think/Db/Driver.class.php 第 113 行.
NOTIC: [8] Undefined offset: 0 /www/wwwroot/vefutong.com/core/Library/Think/Db/Driver.class.php 第 113 行.
NOTIC: [8] Undefined offset: 0 /www/wwwroot/vefutong.com/core/Library/Think/Db/Driver.class.php 第 113 行.
ERR: 模板不存在:./Application/Home/View/default/Index/sls.html

[ 2019-06-21T13:01:28+08:00 ] 59.174.235.64 /
INFO: [ app_init ] --START--
INFO: Run Behavior\BuildLiteBehavior [ RunTime:0.000022s ]
INFO: [ app_init ] --END-- [ RunTime:0.000099s ]
INFO: [ app_begin ] --START--
INFO: Run Behavior\ReadHtmlCacheBehavior [ RunTime:0.000434s ]
INFO: Run Behavior\CheckLangBehavior [ RunTime:0.000648s ]
INFO: [ app_begin ] --END-- [ RunTime:0.001157s ]
INFO: [ action_begin ] --START--
INFO: Run Behavior\CheckAuthBehavior [ RunTime:0.001333s ]
INFO: [ action_begin ] --END-- [ RunTime:0.001384s ]
NOTIC: [8] Undefined offset: 0 /www/wwwroot/vefutong.com/core/Library/Think/Db/Driver.class.php 第 113 行.
NOTIC: [8] Undefined offset: 0 /www/wwwroot/vefutong.com/core/Library/Think/Db/Driver.class.php 第 113 行.
NOTIC: [8] Undefined offset: 0 /www/wwwroot/vefutong.com/core/Library/Think/Db/Driver.class.php 第 113 行.
NOTIC: [8] Undefined offset: 0 /www/wwwroot/vefutong.com/core/Library/Think/Db/Driver.class.php 第 113 行.
NOTIC: [8] Undefined offset: 0 /www/wwwroot/vefutong.com/core/Library/Think/Db/Driver.class.php 第 113 行.
NOTIC: [8] Undefined offset: 0 /www/wwwroot/vefutong.com/core/Library/Think/Db/Driver.class.php 第 113 行.
INFO: [ view_parse ] --START--
INFO: [ template_filter ] --START--
INFO: Run Behavior\ContentReplaceBehavior [ RunTime:0.000057s ]
INFO: [ template_filter ] --END-- [ RunTime:0.000132s ]
INFO: Run Behavior\ParseTemplateBehavior [ RunTime:0.012873s ]
INFO: [ view_parse ] --END-- [ RunTime:0.012969s ]
INFO: [ view_filter ] --START--
INFO: Run Behavior\WriteHtmlCacheBehavior [ RunTime:0.000269s ]
INFO: Run Behavior\TokenBuildBehavior [ RunTime:0.000491s ]
INFO: [ view_filter ] --END-- [ RunTime:0.000874s ]
INFO: [ app_end ] --START--
INFO: Run Behavior\ShowPageTraceBehavior [ RunTime:0.000526s ]
INFO: [ app_end ] --END-- [ RunTime:0.000605s ]

[ 2019-06-21T13:01:57+08:00 ] 119.98.20.70 /
INFO: [ app_init ] --START--
INFO: Run Behavior\BuildLiteBehavior [ RunTime:0.000023s ]
INFO: [ app_init ] --END-- [ RunTime:0.000104s ]
INFO: [ app_begin ] --START--
INFO: Run Behavior\ReadHtmlCacheBehavior [ RunTime:0.000443s ]
INFO: Run Behavior\CheckLangBehavior [ RunTime:0.000594s ]
INFO: [ app_begin ] --END-- [ RunTime:0.001112s ]
INFO: [ action_begin ] --START--
INFO: Run Behavior\CheckAuthBehavior [ RunTime:0.001102s ]
INFO: [ action_begin ] --END-- [ RunTime:0.001151s ]
NOTIC: [8] Undefined offset: 0 /www/wwwroot/vefutong.com/core/Library/Think/Db/Driver.class.php 第 113 行.
NOTIC: [8] Undefined offset: 0 /www/wwwroot/vefutong.com/core/Library/Think/Db/Driver.class.php 第 113 行.
NOTIC: [8] Undefined offset: 0 /www/wwwroot/vefutong.com/core/Library/Think/Db/Driver.class.php 第 113 行.
NOTIC: [8] Undefined offset: 0 /www/wwwroot/vefutong.com/core/Library/Think/Db/Driver.class.php 第 113 行.
NOTIC: [8] Undefined offset: 0 /www/wwwroot/vefutong.com/core/Library/Think/Db/Driver.class.php 第 113 行.
NOTIC: [8] Undefined offset: 0 /www/wwwroot/vefutong.com/core/Library/Think/Db/Driver.class.php 第 113 行.
INFO: [ view_parse ] --START--
INFO: [ template_filter ] --START--
INFO: Run Behavior\ContentReplaceBehavior [ RunTime:0.000050s ]
INFO: [ template_filter ] --END-- [ RunTime:0.000112s ]
INFO: Run Behavior\ParseTemplateBehavior [ RunTime:0.008129s ]
INFO: [ view_parse ] --END-- [ RunTime:0.008180s ]
INFO: [ view_filter ] --START--
INFO: Run Behavior\WriteHtmlCacheBehavior [ RunTime:0.000325s ]
INFO: Run Behavior\TokenBuildBehavior [ RunTime:0.000397s ]
INFO: [ view_filter ] --END-- [ RunTime:0.000799s ]
INFO: [ app_end ] --START--
INFO: Run Behavior\ShowPageTraceBehavior [ RunTime:0.000476s ]
INFO: [ app_end ] --END-- [ RunTime:0.000526s ]

[ 2019-06-21T13:02:04+08:00 ] 183.61.51.55 /
INFO: [ app_init ] --START--
INFO: Run Behavior\BuildLiteBehavior [ RunTime:0.000016s ]
INFO: [ app_init ] --END-- [ RunTime:0.000076s ]
INFO: [ app_begin ] --START--
INFO: Run Behavior\ReadHtmlCacheBehavior [ RunTime:0.000781s ]
INFO: Run Behavior\CheckLangBehavior [ RunTime:0.000822s ]
INFO: [ app_begin ] --END-- [ RunTime:0.001762s ]
INFO: [ action_begin ] --START--
INFO: Run Behavior\CheckAuthBehavior [ RunTime:0.001223s ]
INFO: [ action_begin ] --END-- [ RunTime:0.001309s ]
NOTIC: [8] Undefined offset: 0 /www/wwwroot/vefutong.com/core/Library/Think/Db/Driver.class.php 第 113 行.
NOTIC: [8] Undefined offset: 0 /www/wwwroot/vefutong.com/core/Library/Think/Db/Driver.class.php 第 113 行.
NOTIC: [8] Undefined offset: 0 /www/wwwroot/vefutong.com/core/Library/Think/Db/Driver.class.php 第 113 行.
NOTIC: [8] Undefined offset: 0 /www/wwwroot/vefutong.com/core/Library/Think/Db/Driver.class.php 第 113 行.
NOTIC: [8] Undefined offset: 0 /www/wwwroot/vefutong.com/core/Library/Think/Db/Driver.class.php 第 113 行.
NOTIC: [8] Undefined offset: 0 /www/wwwroot/vefutong.com/core/Library/Think/Db/Driver.class.php 第 113 行.
INFO: [ view_parse ] --START--
INFO: [ template_filter ] --START--
INFO: Run Behavior\ContentReplaceBehavior [ RunTime:0.000082s ]
INFO: [ template_filter ] --END-- [ RunTime:0.000156s ]
INFO: Run Behavior\ParseTemplateBehavior [ RunTime:0.010008s ]
INFO: [ view_parse ] --END-- [ RunTime:0.010095s ]
INFO: [ view_filter ] --START--
INFO: Run Behavior\WriteHtmlCacheBehavior [ RunTime:0.000220s ]
INFO: Run Behavior\TokenBuildBehavior [ RunTime:0.000508s ]
INFO: [ view_filter ] --END-- [ RunTime:0.000807s ]
INFO: [ app_end ] --START--
INFO: Run Behavior\ShowPageTraceBehavior [ RunTime:0.000728s ]
INFO: [ app_end ] --END-- [ RunTime:0.000814s ]

[ 2019-06-21T13:02:45+08:00 ] 61.129.8.250 /?nsukey=RZQMfcMqe4EOpJtraaELqPNU8boFA4tZ%2BX4gqzpQuoBvr2UpLidP3seVQRdEUaOaOGkGKuU9XPw4fwUu%2BOwd4xzdLV0lCOI4QNa2o3gRy%2FGe9erAV9i5mK4v4dSmrZFRaQnOaef3xvp4%2FWqSm%2FdZaPrkIfmPwme1j5LCGw16bf98uevADAZvPrjNedsn5RmS1oeas3KuZx0Ik8yP39036A%3D%3D
INFO: [ app_init ] --START--
INFO: Run Behavior\BuildLiteBehavior [ RunTime:0.000019s ]
INFO: [ app_init ] --END-- [ RunTime:0.000097s ]
INFO: [ app_begin ] --START--
INFO: Run Behavior\ReadHtmlCacheBehavior [ RunTime:0.000451s ]
INFO: Run Behavior\CheckLangBehavior [ RunTime:0.000529s ]
INFO: [ app_begin ] --END-- [ RunTime:0.001057s ]
INFO: [ action_begin ] --START--
INFO: Run Behavior\CheckAuthBehavior [ RunTime:0.001108s ]
INFO: [ action_begin ] --END-- [ RunTime:0.001159s ]
NOTIC: [8] Undefined offset: 0 /www/wwwroot/vefutong.com/core/Library/Think/Db/Driver.class.php 第 113 行.
NOTIC: [8] Undefined offset: 0 /www/wwwroot/vefutong.com/core/Library/Think/Db/Driver.class.php 第 113 行.
NOTIC: [8] Undefined offset: 0 /www/wwwroot/vefutong.com/core/Library/Think/Db/Driver.class.php 第 113 行.
NOTIC: [8] Undefined offset: 0 /www/wwwroot/vefutong.com/core/Library/Think/Db/Driver.class.php 第 113 行.
NOTIC: [8] Undefined offset: 0 /www/wwwroot/vefutong.com/core/Library/Think/Db/Driver.class.php 第 113 行.
NOTIC: [8] Undefined offset: 0 /www/wwwroot/vefutong.com/core/Library/Think/Db/Driver.class.php 第 113 行.
INFO: [ view_parse ] --START--
INFO: [ template_filter ] --START--
INFO: Run Behavior\ContentReplaceBehavior [ RunTime:0.000119s ]
INFO: [ template_filter ] --END-- [ RunTime:0.000179s ]
INFO: Run Behavior\ParseTemplateBehavior [ RunTime:0.008932s ]
INFO: [ view_parse ] --END-- [ RunTime:0.008998s ]
INFO: [ view_filter ] --START--
INFO: Run Behavior\WriteHtmlCacheBehavior [ RunTime:0.000213s ]
INFO: Run Behavior\TokenBuildBehavior [ RunTime:0.000364s ]
INFO: [ view_filter ] --END-- [ RunTime:0.000642s ]
INFO: [ app_end ] --START--
INFO: Run Behavior\ShowPageTraceBehavior [ RunTime:0.000464s ]
INFO: [ app_end ] --END-- [ RunTime:0.000508s ]

[ 2019-06-21T13:03:45+08:00 ] 101.91.60.106 /?nsukey=RZQMfcMqe4EOpJtraaELqPNU8boFA4tZ%2BX4gqzpQuoBvr2UpLidP3seVQRdEUaOaOGkGKuU9XPw4fwUu%2BOwd4xzdLV0lCOI4QNa2o3gRy%2FGe9erAV9i5mK4v4dSmrZFRaQnOaef3xvp4%2FWqSm%2FdZaPrkIfmPwme1j5LCGw16bf98uevADAZvPrjNedsn5RmS1oeas3KuZx0Ik8yP39036A%3D%3D
INFO: [ app_init ] --START--
INFO: Run Behavior\BuildLiteBehavior [ RunTime:0.000013s ]
INFO: [ app_init ] --END-- [ RunTime:0.000068s ]
INFO: [ app_begin ] --START--
INFO: Run Behavior\ReadHtmlCacheBehavior [ RunTime:0.000467s ]
INFO: Run Behavior\CheckLangBehavior [ RunTime:0.000682s ]
INFO: [ app_begin ] --END-- [ RunTime:0.001224s ]
INFO: [ action_begin ] --START--
INFO: Run Behavior\CheckAuthBehavior [ RunTime:0.001551s ]
INFO: [ action_begin ] --END-- [ RunTime:0.001627s ]
NOTIC: [8] Undefined offset: 0 /www/wwwroot/vefutong.com/core/Library/Think/Db/Driver.class.php 第 113 行.
NOTIC: [8] Undefined offset: 0 /www/wwwroot/vefutong.com/core/Library/Think/Db/Driver.class.php 第 113 行.
NOTIC: [8] Undefined offset: 0 /www/wwwroot/vefutong.com/core/Library/Think/Db/Driver.class.php 第 113 行.
NOTIC: [8] Undefined offset: 0 /www/wwwroot/vefutong.com/core/Library/Think/Db/Driver.class.php 第 113 行.
NOTIC: [8] Undefined offset: 0 /www/wwwroot/vefutong.com/core/Library/Think/Db/Driver.class.php 第 113 行.
NOTIC: [8] Undefined offset: 0 /www/wwwroot/vefutong.com/core/Library/Think/Db/Driver.class.php 第 113 行.
INFO: [ view_parse ] --START--
INFO: [ template_filter ] --START--
INFO: Run Behavior\ContentReplaceBehavior [ RunTime:0.000057s ]
INFO: [ template_filter ] --END-- [ RunTime:0.000120s ]
INFO: Run Behavior\ParseTemplateBehavior [ RunTime:0.009125s ]
INFO: [ view_parse ] --END-- [ RunTime:0.009185s ]
INFO: [ view_filter ] --START--
INFO: Run Behavior\WriteHtmlCacheBehavior [ RunTime:0.000184s ]
INFO: Run Behavior\TokenBuildBehavior [ RunTime:0.000393s ]
INFO: [ view_filter ] --END-- [ RunTime:0.000641s ]
INFO: [ app_end ] --START--
INFO: Run Behavior\ShowPageTraceBehavior [ RunTime:0.000433s ]
INFO: [ app_end ] --END-- [ RunTime:0.000476s ]

[ 2019-06-21T14:03:02+08:00 ] 183.61.51.55 /
INFO: [ app_init ] --START--
INFO: Run Behavior\BuildLiteBehavior [ RunTime:0.000022s ]
INFO: [ app_init ] --END-- [ RunTime:0.000105s ]
INFO: [ app_begin ] --START--
INFO: Run Behavior\ReadHtmlCacheBehavior [ RunTime:0.000684s ]
INFO: Run Behavior\CheckLangBehavior [ RunTime:0.000665s ]
INFO: [ app_begin ] --END-- [ RunTime:0.001458s ]
INFO: [ action_begin ] --START--
INFO: Run Behavior\CheckAuthBehavior [ RunTime:0.001912s ]
INFO: [ action_begin ] --END-- [ RunTime:0.001988s ]
NOTIC: [8] Undefined offset: 0 /www/wwwroot/vefutong.com/core/Library/Think/Db/Driver.class.php 第 113 行.
NOTIC: [8] Undefined offset: 0 /www/wwwroot/vefutong.com/core/Library/Think/Db/Driver.class.php 第 113 行.
NOTIC: [8] Undefined offset: 0 /www/wwwroot/vefutong.com/core/Library/Think/Db/Driver.class.php 第 113 行.
NOTIC: [8] Undefined offset: 0 /www/wwwroot/vefutong.com/core/Library/Think/Db/Driver.class.php 第 113 行.
NOTIC: [8] Undefined offset: 0 /www/wwwroot/vefutong.com/core/Library/Think/Db/Driver.class.php 第 113 行.
NOTIC: [8] Undefined offset: 0 /www/wwwroot/vefutong.com/core/Library/Think/Db/Driver.class.php 第 113 行.
INFO: [ view_parse ] --START--
INFO: [ template_filter ] --START--
INFO: Run Behavior\ContentReplaceBehavior [ RunTime:0.000083s ]
INFO: [ template_filter ] --END-- [ RunTime:0.000212s ]
INFO: Run Behavior\ParseTemplateBehavior [ RunTime:0.012255s ]
INFO: [ view_parse ] --END-- [ RunTime:0.012328s ]
INFO: [ view_filter ] --START--
INFO: Run Behavior\WriteHtmlCacheBehavior [ RunTime:0.000248s ]
INFO: Run Behavior\TokenBuildBehavior [ RunTime:0.000537s ]
INFO: [ view_filter ] --END-- [ RunTime:0.000879s ]
INFO: [ app_end ] --START--
INFO: Run Behavior\ShowPageTraceBehavior [ RunTime:0.000637s ]
INFO: [ app_end ] --END-- [ RunTime:0.000866s ]

[ 2019-06-21T21:46:46+08:00 ] 119.96.99.66 /index.php/home/index/agentLogin.html
INFO: [ app_init ] --START--
INFO: Run Behavior\BuildLiteBehavior [ RunTime:0.000019s ]
INFO: [ app_init ] --END-- [ RunTime:0.000097s ]
INFO: [ app_begin ] --START--
INFO: Run Behavior\ReadHtmlCacheBehavior [ RunTime:0.000573s ]
INFO: Run Behavior\CheckLangBehavior [ RunTime:0.000727s ]
INFO: [ app_begin ] --END-- [ RunTime:0.001399s ]
INFO: [ action_begin ] --START--
INFO: Run Behavior\CheckAuthBehavior [ RunTime:0.001801s ]
INFO: [ action_begin ] --END-- [ RunTime:0.001875s ]
NOTIC: [8] Undefined offset: 0 /www/wwwroot/vefutong.com/core/Library/Think/Db/Driver.class.php 第 113 行.
NOTIC: [8] Undefined offset: 0 /www/wwwroot/vefutong.com/core/Library/Think/Db/Driver.class.php 第 113 行.
NOTIC: [8] Undefined offset: 0 /www/wwwroot/vefutong.com/core/Library/Think/Db/Driver.class.php 第 113 行.
NOTIC: [8] Undefined offset: 0 /www/wwwroot/vefutong.com/core/Library/Think/Db/Driver.class.php 第 113 行.
NOTIC: [8] Undefined offset: 0 /www/wwwroot/vefutong.com/core/Library/Think/Db/Driver.class.php 第 113 行.
NOTIC: [8] Undefined offset: 0 /www/wwwroot/vefutong.com/core/Library/Think/Db/Driver.class.php 第 113 行.
ERR: 模板不存在:./Application/Home/View/default/Index/sls.html

